[ 2019-04-24T14:55:26+08:00 ] 127.0.0.1 /index.php/Home/index/index
INFO: [ app_init ] --START--
INFO: Run Behavior\BuildLiteBehavior [ RunTime:0.000026s ]
INFO: [ app_init ] --END-- [ RunTime:0.001364s ]

[ 2019-04-24T14:55:27+08:00 ] 127.0.0.1 /index.php/Home/index/public_html
INFO: [ app_init ] --START--
INFO: Run Behavior\BuildLiteBehavior [ RunTime:0.000041s ]
INFO: [ app_init ] --END-- [ RunTime:0.001276s ]

[ 2019-04-24T14:55:27+08:00 ] 127.0.0.1 /index.php/Home/index/images/logo.png
INFO: [ app_init ] --START--
INFO: Run Behavior\BuildLiteBehavior [ RunTime:0.000025s ]
INFO: [ app_init ] --END-- [ RunTime:0.000765s ]

[ 2019-04-24T14:55:27+08:00 ] 127.0.0.1 /index.php/Home/index/images/icons/spin.svg
INFO: [ app_init ] --START--
INFO: Run Behavior\BuildLiteBehavior [ RunTime:0.000027s ]
INFO: [ app_init ] --END-- [ RunTime:0.001306s ]
ERR: 非法操作:images

[ 2019-04-24T15:11:07+08:00 ] 127.0.0.1 /index.php/Home/index/images/icons/spin.svg
INFO: [ app_init ] --START--
INFO: Run Behavior\BuildLiteBehavior [ RunTime:0.000059s ]
INFO: [ app_init ] --END-- [ RunTime:0.003516s ]
ERR: 非法操作:images

